running egg_info
creating build/robotic_cell/robotic_cell.egg-info
writing build/robotic_cell/robotic_cell.egg-info/PKG-INFO
writing dependency_links to build/robotic_cell/robotic_cell.egg-info/dependency_links.txt
writing entry points to build/robotic_cell/robotic_cell.egg-info/entry_points.txt
writing requirements to build/robotic_cell/robotic_cell.egg-info/requires.txt
writing top-level names to build/robotic_cell/robotic_cell.egg-info/top_level.txt
writing manifest file 'build/robotic_cell/robotic_cell.egg-info/SOURCES.txt'
reading manifest file 'build/robotic_cell/robotic_cell.egg-info/SOURCES.txt'
writing manifest file 'build/robotic_cell/robotic_cell.egg-info/SOURCES.txt'
running build
running build_py
creating /home/acis/robotic_cell_files/rc_ws/src/robotic_cell/build/robotic_cell/build
creating /home/acis/robotic_cell_files/rc_ws/src/robotic_cell/build/robotic_cell/build/lib
creating /home/acis/robotic_cell_files/rc_ws/src/robotic_cell/build/robotic_cell/build/lib/robotic_cell
copying robotic_cell/trajectory_pub.py -> /home/acis/robotic_cell_files/rc_ws/src/robotic_cell/build/robotic_cell/build/lib/robotic_cell
copying robotic_cell/__init__.py -> /home/acis/robotic_cell_files/rc_ws/src/robotic_cell/build/robotic_cell/build/lib/robotic_cell
running install
running install_lib
creating /home/acis/robotic_cell_files/rc_ws/src/robotic_cell/install/robotic_cell/lib/python3.10/site-packages/robotic_cell
copying /home/acis/robotic_cell_files/rc_ws/src/robotic_cell/build/robotic_cell/build/lib/robotic_cell/trajectory_pub.py -> /home/acis/robotic_cell_files/rc_ws/src/robotic_cell/install/robotic_cell/lib/python3.10/site-packages/robotic_cell
copying /home/acis/robotic_cell_files/rc_ws/src/robotic_cell/build/robotic_cell/build/lib/robotic_cell/__init__.py -> /home/acis/robotic_cell_files/rc_ws/src/robotic_cell/install/robotic_cell/lib/python3.10/site-packages/robotic_cell
byte-compiling /home/acis/robotic_cell_files/rc_ws/src/robotic_cell/install/robotic_cell/lib/python3.10/site-packages/robotic_cell/trajectory_pub.py to trajectory_pub.cpython-310.pyc
byte-compiling /home/acis/robotic_cell_files/rc_ws/src/robotic_cell/install/robotic_cell/lib/python3.10/site-packages/robotic_cell/__init__.py to __init__.cpython-310.pyc
running install_data
creating /home/acis/robotic_cell_files/rc_ws/src/robotic_cell/install/robotic_cell/share/ament_index
creating /home/acis/robotic_cell_files/rc_ws/src/robotic_cell/install/robotic_cell/share/ament_index/resource_index
creating /home/acis/robotic_cell_files/rc_ws/src/robotic_cell/install/robotic_cell/share/ament_index/resource_index/packages
copying resource/robotic_cell -> /home/acis/robotic_cell_files/rc_ws/src/robotic_cell/install/robotic_cell/share/ament_index/resource_index/packages
copying package.xml -> /home/acis/robotic_cell_files/rc_ws/src/robotic_cell/install/robotic_cell/share/robotic_cell
running install_egg_info
Copying build/robotic_cell/robotic_cell.egg-info to /home/acis/robotic_cell_files/rc_ws/src/robotic_cell/install/robotic_cell/lib/python3.10/site-packages/robotic_cell-0.0.0-py3.10.egg-info
running install_scripts
Installing trajectory_pub script to /home/acis/robotic_cell_files/rc_ws/src/robotic_cell/install/robotic_cell/lib/robotic_cell
writing list of installed files to '/home/acis/robotic_cell_files/rc_ws/src/robotic_cell/build/robotic_cell/install.log'
