[0.496s] Invoking command in '/home/acis/robotic_cell_files/rc_ws/src/robotic_cell': PYTHONPATH=/home/acis/robotic_cell_files/rc_ws/src/robotic_cell/build/robotic_cell/prefix_override:/usr/lib/python3/dist-packages/colcon_core/task/python/colcon_distutils_commands:/home/acis/robotic_cell_files/rc_ws/src/robotic_cell/install/robotic_cell/lib/python3.10/site-packages:${PYTHONPATH} /usr/bin/python3 -W ignore:setup.py install is deprecated -W ignore:easy_install command is deprecated setup.py egg_info --egg-base build/robotic_cell build --build-base /home/acis/robotic_cell_files/rc_ws/src/robotic_cell/build/robotic_cell/build install --record /home/acis/robotic_cell_files/rc_ws/src/robotic_cell/build/robotic_cell/install.log --single-version-externally-managed install_data
[0.689s] running egg_info
[0.689s] creating build/robotic_cell/robotic_cell.egg-info
[0.690s] writing build/robotic_cell/robotic_cell.egg-info/PKG-INFO
[0.690s] writing dependency_links to build/robotic_cell/robotic_cell.egg-info/dependency_links.txt
[0.690s] writing entry points to build/robotic_cell/robotic_cell.egg-info/entry_points.txt
[0.690s] writing requirements to build/robotic_cell/robotic_cell.egg-info/requires.txt
[0.690s] writing top-level names to build/robotic_cell/robotic_cell.egg-info/top_level.txt
[0.690s] writing manifest file 'build/robotic_cell/robotic_cell.egg-info/SOURCES.txt'
[0.691s] reading manifest file 'build/robotic_cell/robotic_cell.egg-info/SOURCES.txt'
[0.691s] writing manifest file 'build/robotic_cell/robotic_cell.egg-info/SOURCES.txt'
[0.692s] running build
[0.692s] running build_py
[0.692s] creating /home/acis/robotic_cell_files/rc_ws/src/robotic_cell/build/robotic_cell/build
[0.692s] creating /home/acis/robotic_cell_files/rc_ws/src/robotic_cell/build/robotic_cell/build/lib
[0.692s] creating /home/acis/robotic_cell_files/rc_ws/src/robotic_cell/build/robotic_cell/build/lib/robotic_cell
[0.692s] copying robotic_cell/trajectory_pub.py -> /home/acis/robotic_cell_files/rc_ws/src/robotic_cell/build/robotic_cell/build/lib/robotic_cell
[0.692s] copying robotic_cell/__init__.py -> /home/acis/robotic_cell_files/rc_ws/src/robotic_cell/build/robotic_cell/build/lib/robotic_cell
[0.692s] running install
[0.692s] running install_lib
[0.693s] creating /home/acis/robotic_cell_files/rc_ws/src/robotic_cell/install/robotic_cell/lib/python3.10/site-packages/robotic_cell
[0.693s] copying /home/acis/robotic_cell_files/rc_ws/src/robotic_cell/build/robotic_cell/build/lib/robotic_cell/trajectory_pub.py -> /home/acis/robotic_cell_files/rc_ws/src/robotic_cell/install/robotic_cell/lib/python3.10/site-packages/robotic_cell
[0.693s] copying /home/acis/robotic_cell_files/rc_ws/src/robotic_cell/build/robotic_cell/build/lib/robotic_cell/__init__.py -> /home/acis/robotic_cell_files/rc_ws/src/robotic_cell/install/robotic_cell/lib/python3.10/site-packages/robotic_cell
[0.693s] byte-compiling /home/acis/robotic_cell_files/rc_ws/src/robotic_cell/install/robotic_cell/lib/python3.10/site-packages/robotic_cell/trajectory_pub.py to trajectory_pub.cpython-310.pyc
[0.693s] byte-compiling /home/acis/robotic_cell_files/rc_ws/src/robotic_cell/install/robotic_cell/lib/python3.10/site-packages/robotic_cell/__init__.py to __init__.cpython-310.pyc
[0.694s] running install_data
[0.694s] creating /home/acis/robotic_cell_files/rc_ws/src/robotic_cell/install/robotic_cell/share/ament_index
[0.694s] creating /home/acis/robotic_cell_files/rc_ws/src/robotic_cell/install/robotic_cell/share/ament_index/resource_index
[0.694s] creating /home/acis/robotic_cell_files/rc_ws/src/robotic_cell/install/robotic_cell/share/ament_index/resource_index/packages
[0.694s] copying resource/robotic_cell -> /home/acis/robotic_cell_files/rc_ws/src/robotic_cell/install/robotic_cell/share/ament_index/resource_index/packages
[0.694s] copying package.xml -> /home/acis/robotic_cell_files/rc_ws/src/robotic_cell/install/robotic_cell/share/robotic_cell
[0.694s] running install_egg_info
[0.695s] Copying build/robotic_cell/robotic_cell.egg-info to /home/acis/robotic_cell_files/rc_ws/src/robotic_cell/install/robotic_cell/lib/python3.10/site-packages/robotic_cell-0.0.0-py3.10.egg-info
[0.696s] running install_scripts
[0.708s] Installing trajectory_pub script to /home/acis/robotic_cell_files/rc_ws/src/robotic_cell/install/robotic_cell/lib/robotic_cell
[0.709s] writing list of installed files to '/home/acis/robotic_cell_files/rc_ws/src/robotic_cell/build/robotic_cell/install.log'
[0.724s] Invoked command in '/home/acis/robotic_cell_files/rc_ws/src/robotic_cell' returned '0': PYTHONPATH=/home/acis/robotic_cell_files/rc_ws/src/robotic_cell/build/robotic_cell/prefix_override:/usr/lib/python3/dist-packages/colcon_core/task/python/colcon_distutils_commands:/home/acis/robotic_cell_files/rc_ws/src/robotic_cell/install/robotic_cell/lib/python3.10/site-packages:${PYTHONPATH} /usr/bin/python3 -W ignore:setup.py install is deprecated -W ignore:easy_install command is deprecated setup.py egg_info --egg-base build/robotic_cell build --build-base /home/acis/robotic_cell_files/rc_ws/src/robotic_cell/build/robotic_cell/build install --record /home/acis/robotic_cell_files/rc_ws/src/robotic_cell/build/robotic_cell/install.log --single-version-externally-managed install_data
