[0.080s] [34mcolcon[0m [1;30mDEBUG[0m [32mCommand line arguments: ['/usr/bin/colcon', 'build'][0m
[0.080s] [34mcolcon[0m [1;30mDEBUG[0m [32mParsed command line arguments: Namespace(log_base=None, log_level=None, verb_name='build', build_base='build', install_base='install', merge_install=False, symlink_install=False, test_result_base=None, continue_on_error=False, executor='parallel', parallel_workers=24, event_handlers=None, ignore_user_meta=False, metas=['./colcon.meta'], base_paths=['.'], packages_ignore=None, packages_ignore_regex=None, paths=None, packages_up_to=None, packages_up_to_regex=None, packages_above=None, packages_above_and_dependencies=None, packages_above_depth=None, packages_select_by_dep=None, packages_skip_by_dep=None, packages_skip_up_to=None, packages_select_build_failed=False, packages_skip_build_finished=False, packages_select_test_failures=False, packages_skip_test_passed=False, packages_select=None, packages_skip=None, packages_select_regex=None, packages_skip_regex=None, packages_start=None, packages_end=None, allow_overriding=[], cmake_args=None, cmake_target=None, cmake_target_skip_unavailable=False, cmake_clean_cache=False, cmake_clean_first=False, cmake_force_configure=False, ament_cmake_args=None, catkin_cmake_args=None, catkin_skip_building_tests=False, verb_parser=<colcon_defaults.argument_parser.defaults.DefaultArgumentsDecorator object at 0x74fd1c42cdc0>, verb_extension=<colcon_core.verb.build.BuildVerb object at 0x74fd1c5467d0>, main=<bound method BuildVerb.main of <colcon_core.verb.build.BuildVerb object at 0x74fd1c5467d0>>)[0m
[0.227s] [34mcolcon.colcon_core.package_discovery[0m [1;30mLevel 1[0m discover_packages(colcon_meta) check parameters
[0.227s] [34mcolcon.colcon_core.package_discovery[0m [1;30mLevel 1[0m discover_packages(recursive) check parameters
[0.227s] [34mcolcon.colcon_core.package_discovery[0m [1;30mLevel 1[0m discover_packages(ignore) check parameters
[0.227s] [34mcolcon.colcon_core.package_discovery[0m [1;30mLevel 1[0m discover_packages(path) check parameters
[0.227s] [34mcolcon.colcon_core.package_discovery[0m [1;30mLevel 1[0m discover_packages(colcon_meta) discover
[0.227s] [34mcolcon.colcon_core.package_discovery[0m [1;30mLevel 1[0m discover_packages(recursive) discover
[0.227s] [34mcolcon.colcon_core.package_discovery[0m [1;30mINFO[0m Crawling recursively for packages in '/home/acis/robotic_cell_files/rc_ws/src/robotic_cell'
[0.227s] [34mcolcon.colcon_core.package_identification[0m [1;30mLevel 1[0m _identify(.) by extensions ['ignore', 'ignore_ament_install']
[0.228s] [34mcolcon.colcon_core.package_identification[0m [1;30mLevel 1[0m _identify(.) by extension 'ignore'
[0.228s] [34mcolcon.colcon_core.package_identification[0m [1;30mLevel 1[0m _identify(.) by extension 'ignore_ament_install'
[0.228s] [34mcolcon.colcon_core.package_identification[0m [1;30mLevel 1[0m _identify(.) by extensions ['colcon_pkg']
[0.228s] [34mcolcon.colcon_core.package_identification[0m [1;30mLevel 1[0m _identify(.) by extension 'colcon_pkg'
[0.228s] [34mcolcon.colcon_core.package_identification[0m [1;30mLevel 1[0m _identify(.) by extensions ['colcon_meta']
[0.228s] [34mcolcon.colcon_core.package_identification[0m [1;30mLevel 1[0m _identify(.) by extension 'colcon_meta'
[0.228s] [34mcolcon.colcon_core.package_identification[0m [1;30mLevel 1[0m _identify(.) by extensions ['ros']
[0.228s] [34mcolcon.colcon_core.package_identification[0m [1;30mLevel 1[0m _identify(.) by extension 'ros'
[0.243s] [34mcolcon.colcon_core.package_identification[0m [1;30mDEBUG[0m [32mPackage '.' with type 'ros.ament_python' and name 'robotic_cell'[0m
[0.243s] [34mcolcon.colcon_core.package_discovery[0m [1;30mLevel 1[0m discover_packages(recursive) using defaults
[0.243s] [34mcolcon.colcon_core.package_discovery[0m [1;30mLevel 1[0m discover_packages(ignore) discover
[0.243s] [34mcolcon.colcon_core.package_discovery[0m [1;30mLevel 1[0m discover_packages(ignore) using defaults
[0.243s] [34mcolcon.colcon_core.package_discovery[0m [1;30mLevel 1[0m discover_packages(path) discover
[0.243s] [34mcolcon.colcon_core.package_discovery[0m [1;30mLevel 1[0m discover_packages(path) using defaults
[0.254s] [34mcolcon.colcon_core.package_discovery[0m [1;30mLevel 1[0m discover_packages(prefix_path) check parameters
[0.254s] [34mcolcon.colcon_core.package_discovery[0m [1;30mLevel 1[0m discover_packages(prefix_path) discover
[0.255s] [34mcolcon.colcon_installed_package_information.package_discovery[0m [1;30mDEBUG[0m [32mFound 10 installed packages in /home/acis/IsaacSim-ros_workspaces/humble_ws/install[0m
[0.256s] [34mcolcon.colcon_installed_package_information.package_discovery[0m [1;30mDEBUG[0m [32mFound 1 installed packages in /home/acis/scan_ws/install[0m
[0.256s] [34mcolcon.colcon_installed_package_information.package_discovery[0m [1;30mDEBUG[0m [32mFound 9 installed packages in /home/acis/kinova_digital_twin_setup/ros2_ws/install[0m
[0.257s] [34mcolcon.colcon_installed_package_information.package_discovery[0m [1;30mDEBUG[0m [32mFound 412 installed packages in /opt/ros/humble[0m
[0.259s] [34mcolcon.colcon_core.package_discovery[0m [1;30mLevel 1[0m discover_packages(prefix_path) using defaults
[0.294s] [34mcolcon.colcon_core.verb[0m [1;30mLevel 5[0m set package 'robotic_cell' build argument 'cmake_args' from command line to 'None'
[0.294s] [34mcolcon.colcon_core.verb[0m [1;30mLevel 5[0m set package 'robotic_cell' build argument 'cmake_target' from command line to 'None'
[0.294s] [34mcolcon.colcon_core.verb[0m [1;30mLevel 5[0m set package 'robotic_cell' build argument 'cmake_target_skip_unavailable' from command line to 'False'
[0.294s] [34mcolcon.colcon_core.verb[0m [1;30mLevel 5[0m set package 'robotic_cell' build argument 'cmake_clean_cache' from command line to 'False'
[0.294s] [34mcolcon.colcon_core.verb[0m [1;30mLevel 5[0m set package 'robotic_cell' build argument 'cmake_clean_first' from command line to 'False'
[0.294s] [34mcolcon.colcon_core.verb[0m [1;30mLevel 5[0m set package 'robotic_cell' build argument 'cmake_force_configure' from command line to 'False'
[0.294s] [34mcolcon.colcon_core.verb[0m [1;30mLevel 5[0m set package 'robotic_cell' build argument 'ament_cmake_args' from command line to 'None'
[0.294s] [34mcolcon.colcon_core.verb[0m [1;30mLevel 5[0m set package 'robotic_cell' build argument 'catkin_cmake_args' from command line to 'None'
[0.294s] [34mcolcon.colcon_core.verb[0m [1;30mLevel 5[0m set package 'robotic_cell' build argument 'catkin_skip_building_tests' from command line to 'False'
[0.294s] [34mcolcon.colcon_core.verb[0m [1;30mDEBUG[0m [32mBuilding package 'robotic_cell' with the following arguments: {'ament_cmake_args': None, 'build_base': '/home/acis/robotic_cell_files/rc_ws/src/robotic_cell/build/robotic_cell', 'catkin_cmake_args': None, 'catkin_skip_building_tests': False, 'cmake_args': None, 'cmake_clean_cache': False, 'cmake_clean_first': False, 'cmake_force_configure': False, 'cmake_target': None, 'cmake_target_skip_unavailable': False, 'install_base': '/home/acis/robotic_cell_files/rc_ws/src/robotic_cell/install/robotic_cell', 'merge_install': False, 'path': '/home/acis/robotic_cell_files/rc_ws/src/robotic_cell', 'symlink_install': False, 'test_result_base': None}[0m
[0.295s] [34mcolcon.colcon_core.executor[0m [1;30mINFO[0m Executing jobs using 'parallel' executor
[0.295s] [34mcolcon.colcon_parallel_executor.executor.parallel[0m [1;30mDEBUG[0m [32mrun_until_complete[0m
[0.296s] [34mcolcon.colcon_ros.task.ament_python.build[0m [1;30mINFO[0m Building ROS package in '/home/acis/robotic_cell_files/rc_ws/src/robotic_cell' with build type 'ament_python'
[0.296s] [34mcolcon.colcon_core.shell[0m [1;30mLevel 1[0m create_environment_hook('robotic_cell', 'ament_prefix_path')
[0.297s] [34mcolcon.colcon_core.plugin_system[0m [1;30mINFO[0m Skipping extension 'colcon_core.shell.bat': Not used on non-Windows systems
[0.298s] [34mcolcon.colcon_core.shell[0m [1;30mINFO[0m Creating environment hook '/home/acis/robotic_cell_files/rc_ws/src/robotic_cell/install/robotic_cell/share/robotic_cell/hook/ament_prefix_path.ps1'
[0.298s] [34mcolcon.colcon_core.shell[0m [1;30mINFO[0m Creating environment descriptor '/home/acis/robotic_cell_files/rc_ws/src/robotic_cell/install/robotic_cell/share/robotic_cell/hook/ament_prefix_path.dsv'
[0.298s] [34mcolcon.colcon_core.shell[0m [1;30mINFO[0m Creating environment hook '/home/acis/robotic_cell_files/rc_ws/src/robotic_cell/install/robotic_cell/share/robotic_cell/hook/ament_prefix_path.sh'
[0.299s] [34mcolcon.colcon_core.shell[0m [1;30mINFO[0m Skip shell extension 'powershell' for command environment: Not usable outside of PowerShell
[0.299s] [34mcolcon.colcon_core.shell[0m [1;30mDEBUG[0m [32mSkip shell extension 'dsv' for command environment[0m
[0.508s] [34mcolcon.colcon_core.task.python.build[0m [1;30mINFO[0m Building Python package in '/home/acis/robotic_cell_files/rc_ws/src/robotic_cell'
[0.508s] [34mcolcon.colcon_core.shell[0m [1;30mINFO[0m Skip shell extension 'powershell' for command environment: Not usable outside of PowerShell
[0.508s] [34mcolcon.colcon_core.shell[0m [1;30mDEBUG[0m [32mSkip shell extension 'dsv' for command environment[0m
[0.793s] [34mcolcon.colcon_core.event_handler.log_command[0m [1;30mDEBUG[0m [32mInvoking command in '/home/acis/robotic_cell_files/rc_ws/src/robotic_cell': PYTHONPATH=/home/acis/robotic_cell_files/rc_ws/src/robotic_cell/build/robotic_cell/prefix_override:/usr/lib/python3/dist-packages/colcon_core/task/python/colcon_distutils_commands:/home/acis/robotic_cell_files/rc_ws/src/robotic_cell/install/robotic_cell/lib/python3.10/site-packages:${PYTHONPATH} /usr/bin/python3 -W ignore:setup.py install is deprecated -W ignore:easy_install command is deprecated setup.py egg_info --egg-base build/robotic_cell build --build-base /home/acis/robotic_cell_files/rc_ws/src/robotic_cell/build/robotic_cell/build install --record /home/acis/robotic_cell_files/rc_ws/src/robotic_cell/build/robotic_cell/install.log --single-version-externally-managed install_data[0m
[1.020s] [34mcolcon.colcon_core.event_handler.log_command[0m [1;30mDEBUG[0m [32mInvoked command in '/home/acis/robotic_cell_files/rc_ws/src/robotic_cell' returned '0': PYTHONPATH=/home/acis/robotic_cell_files/rc_ws/src/robotic_cell/build/robotic_cell/prefix_override:/usr/lib/python3/dist-packages/colcon_core/task/python/colcon_distutils_commands:/home/acis/robotic_cell_files/rc_ws/src/robotic_cell/install/robotic_cell/lib/python3.10/site-packages:${PYTHONPATH} /usr/bin/python3 -W ignore:setup.py install is deprecated -W ignore:easy_install command is deprecated setup.py egg_info --egg-base build/robotic_cell build --build-base /home/acis/robotic_cell_files/rc_ws/src/robotic_cell/build/robotic_cell/build install --record /home/acis/robotic_cell_files/rc_ws/src/robotic_cell/build/robotic_cell/install.log --single-version-externally-managed install_data[0m
[1.022s] [34mcolcon.colcon_core.environment[0m [1;30mLevel 1[0m checking '/home/acis/robotic_cell_files/rc_ws/src/robotic_cell/install/robotic_cell' for CMake module files
[1.022s] [34mcolcon.colcon_core.environment[0m [1;30mLevel 1[0m checking '/home/acis/robotic_cell_files/rc_ws/src/robotic_cell/install/robotic_cell' for CMake config files
[1.023s] [34mcolcon.colcon_core.environment[0m [1;30mLevel 1[0m checking '/home/acis/robotic_cell_files/rc_ws/src/robotic_cell/install/robotic_cell/lib'
[1.023s] [34mcolcon.colcon_core.environment[0m [1;30mLevel 1[0m checking '/home/acis/robotic_cell_files/rc_ws/src/robotic_cell/install/robotic_cell/bin'
[1.023s] [34mcolcon.colcon_core.environment[0m [1;30mLevel 1[0m checking '/home/acis/robotic_cell_files/rc_ws/src/robotic_cell/install/robotic_cell/lib/pkgconfig/robotic_cell.pc'
[1.023s] [34mcolcon.colcon_core.environment[0m [1;30mLevel 1[0m checking '/home/acis/robotic_cell_files/rc_ws/src/robotic_cell/install/robotic_cell/lib/python3.10/site-packages'
[1.023s] [34mcolcon.colcon_core.shell[0m [1;30mLevel 1[0m create_environment_hook('robotic_cell', 'pythonpath')
[1.023s] [34mcolcon.colcon_core.shell[0m [1;30mINFO[0m Creating environment hook '/home/acis/robotic_cell_files/rc_ws/src/robotic_cell/install/robotic_cell/share/robotic_cell/hook/pythonpath.ps1'
[1.024s] [34mcolcon.colcon_core.shell[0m [1;30mINFO[0m Creating environment descriptor '/home/acis/robotic_cell_files/rc_ws/src/robotic_cell/install/robotic_cell/share/robotic_cell/hook/pythonpath.dsv'
[1.024s] [34mcolcon.colcon_core.shell[0m [1;30mINFO[0m Creating environment hook '/home/acis/robotic_cell_files/rc_ws/src/robotic_cell/install/robotic_cell/share/robotic_cell/hook/pythonpath.sh'
[1.024s] [34mcolcon.colcon_core.environment[0m [1;30mLevel 1[0m checking '/home/acis/robotic_cell_files/rc_ws/src/robotic_cell/install/robotic_cell/bin'
[1.024s] [34mcolcon.colcon_core.environment[0m [1;30mLevel 1[0m create_environment_scripts_only(robotic_cell)
[1.024s] [34mcolcon.colcon_core.shell[0m [1;30mINFO[0m Creating package script '/home/acis/robotic_cell_files/rc_ws/src/robotic_cell/install/robotic_cell/share/robotic_cell/package.ps1'
[1.025s] [34mcolcon.colcon_core.shell[0m [1;30mINFO[0m Creating package descriptor '/home/acis/robotic_cell_files/rc_ws/src/robotic_cell/install/robotic_cell/share/robotic_cell/package.dsv'
[1.025s] [34mcolcon.colcon_core.shell[0m [1;30mINFO[0m Creating package script '/home/acis/robotic_cell_files/rc_ws/src/robotic_cell/install/robotic_cell/share/robotic_cell/package.sh'
[1.026s] [34mcolcon.colcon_core.shell[0m [1;30mINFO[0m Creating package script '/home/acis/robotic_cell_files/rc_ws/src/robotic_cell/install/robotic_cell/share/robotic_cell/package.bash'
[1.026s] [34mcolcon.colcon_core.shell[0m [1;30mINFO[0m Creating package script '/home/acis/robotic_cell_files/rc_ws/src/robotic_cell/install/robotic_cell/share/robotic_cell/package.zsh'
[1.027s] [34mcolcon.colcon_core.environment[0m [1;30mLevel 1[0m create_file_with_runtime_dependencies(/home/acis/robotic_cell_files/rc_ws/src/robotic_cell/install/robotic_cell/share/colcon-core/packages/robotic_cell)
[1.027s] [34mcolcon.colcon_parallel_executor.executor.parallel[0m [1;30mDEBUG[0m [32mclosing loop[0m
[1.027s] [34mcolcon.colcon_parallel_executor.executor.parallel[0m [1;30mDEBUG[0m [32mloop closed[0m
[1.027s] [34mcolcon.colcon_parallel_executor.executor.parallel[0m [1;30mDEBUG[0m [32mrun_until_complete finished with '0'[0m
[1.027s] [34mcolcon.colcon_core.event_reactor[0m [1;30mDEBUG[0m [32mjoining thread[0m
[1.032s] [34mcolcon.colcon_core.plugin_system[0m [1;30mINFO[0m Skipping extension 'colcon_notification.desktop_notification.terminal_notifier': Not used on non-Darwin systems
[1.032s] [34mcolcon.colcon_core.plugin_system[0m [1;30mINFO[0m Skipping extension 'colcon_notification.desktop_notification.win32': Not used on non-Windows systems
[1.032s] [34mcolcon.colcon_notification.desktop_notification[0m [1;30mINFO[0m Sending desktop notification using 'notify2'
[1.043s] [34mcolcon.colcon_core.event_reactor[0m [1;30mDEBUG[0m [32mjoined thread[0m
[1.044s] [34mcolcon.colcon_core.shell[0m [1;30mINFO[0m Creating prefix script '/home/acis/robotic_cell_files/rc_ws/src/robotic_cell/install/local_setup.ps1'
[1.044s] [34mcolcon.colcon_core.shell[0m [1;30mINFO[0m Creating prefix util module '/home/acis/robotic_cell_files/rc_ws/src/robotic_cell/install/_local_setup_util_ps1.py'
[1.045s] [34mcolcon.colcon_core.shell[0m [1;30mINFO[0m Creating prefix chain script '/home/acis/robotic_cell_files/rc_ws/src/robotic_cell/install/setup.ps1'
[1.047s] [34mcolcon.colcon_core.shell[0m [1;30mINFO[0m Creating prefix script '/home/acis/robotic_cell_files/rc_ws/src/robotic_cell/install/local_setup.sh'
[1.047s] [34mcolcon.colcon_core.shell[0m [1;30mINFO[0m Creating prefix util module '/home/acis/robotic_cell_files/rc_ws/src/robotic_cell/install/_local_setup_util_sh.py'
[1.047s] [34mcolcon.colcon_core.shell[0m [1;30mINFO[0m Creating prefix chain script '/home/acis/robotic_cell_files/rc_ws/src/robotic_cell/install/setup.sh'
[1.049s] [34mcolcon.colcon_core.shell[0m [1;30mINFO[0m Creating prefix script '/home/acis/robotic_cell_files/rc_ws/src/robotic_cell/install/local_setup.bash'
[1.049s] [34mcolcon.colcon_core.shell[0m [1;30mINFO[0m Creating prefix chain script '/home/acis/robotic_cell_files/rc_ws/src/robotic_cell/install/setup.bash'
[1.050s] [34mcolcon.colcon_core.shell[0m [1;30mINFO[0m Creating prefix script '/home/acis/robotic_cell_files/rc_ws/src/robotic_cell/install/local_setup.zsh'
[1.051s] [34mcolcon.colcon_core.shell[0m [1;30mINFO[0m Creating prefix chain script '/home/acis/robotic_cell_files/rc_ws/src/robotic_cell/install/setup.zsh'
